---------
intSum = 117
floatSum = 4.777000

Contents of Symbol Table
                    name  strt  stop   cnt 
  0                 NULL   391   394     1
  1               aCount   167   172     3
  2                aSize   198   202     3
  3                 arg1   446   449     1
  4                 arg2   451   454     1
  5                 argc   127   130     2
  6                 argv   140   143     2
  7                 char   133   136     2
  8                 else   403   406     1
  9                 exit   465   468     2
 10                float   192   196     1
 11              fprintf   414   420     1
 12                   if   345   346     1
 13                  int   114   116     3
 14                  lst   385   387     1
 15                 main   118   121     1
 16                    n   456   456     1
 17                 name   155   158     1
 18             progname   437   444     1
 19                  src   366   368     1
 20               stderr   422   427     1
 21                usage   430   434     1
     1: #[96minclude[0m <[91mstdio[0m.[96mh[0m>
        [96m**[0m Token#=3, Length=7, Text="include"         -- No SymbolTable
        [91m**[0m Token#=3, Length=5, Text="stdio"           -- No SymbolTable
        [96m**[0m Token#=3, Length=1, Text="h"               -- No SymbolTable
     2: #[96minclude[0m <[92mstring[0m.[96mh[0m>
        [96m**[0m Token#=3, Length=7, Text="include"         -- No SymbolTable
        [92m**[0m Token#=3, Length=6, Text="string"          -- No SymbolTable
        [96m**[0m Token#=3, Length=1, Text="h"               -- No SymbolTable
     3: #[96minclude[0m <[93mctype[0m.[96mh[0m>
        [96m**[0m Token#=3, Length=7, Text="include"         -- No SymbolTable
        [93m**[0m Token#=3, Length=5, Text="ctype"           -- No SymbolTable
        [96m**[0m Token#=3, Length=1, Text="h"               -- No SymbolTable
     4: [91m@INIT[0m
        [91m**[0m Token#=1, Length=5, Text="@INIT"           
     5: /* Something that should not be in the table.
     6: */
     7: 
     8: [92mint[0m
        [92m**[0m Token#=3, Length=3, Text="int"             -- new ident
     9: [91mmain[0m([93mint[0m [95margc[0m, [96mchar[0m **[96margv[0m) { [91mchar[0m * [93mname[0m;
        [91m**[0m Token#=3, Length=4, Text="main"            -- new ident
        [93m**[0m Token#=3, Length=3, Text="int"             -- occurrence 2
        [95m**[0m Token#=3, Length=4, Text="argc"            -- new ident
        [96m**[0m Token#=3, Length=4, Text="char"            -- new ident
        [96m**[0m Token#=3, Length=4, Text="argv"            -- new ident
        [91m**[0m Token#=3, Length=4, Text="char"            -- occurrence 2
        [93m**[0m Token#=3, Length=4, Text="name"            -- new ident
    10:   [94mint[0m [94maCount[0m; //char * name;
        [94m**[0m Token#=3, Length=3, Text="int"             -- occurrence 3
        [94m**[0m Token#=3, Length=6, Text="aCount"          -- new ident
    11:   [95mfloat[0m [93maSize[0m;
        [95m**[0m Token#=3, Length=5, Text="float"           -- new ident
        [93m**[0m Token#=3, Length=5, Text="aSize"           -- new ident
    12: 
    13:   /*
    14:   /* more that should not be in the table */
    15:   something = anything;
    16:   if (something) {
    17:     doNothing;
    18:     nothing = -45;
    19:   }
    20:   */
    21: 
    22:   [95mif[0m ([96margc[0m [95m=[0m[95m=[0m [94m2[0m) {
        [95m**[0m Token#=3, Length=2, Text="if"              -- new ident
        [96m**[0m Token#=3, Length=4, Text="argc"            -- occurrence 2
        [95m**[0m Token#=6, Length=1, Text="="               
        [95m**[0m Token#=6, Length=1, Text="="               
        [94m**[0m Token#=4, Length=1, Text="2"               
    23:     [95msrc[0m [95m=[0m [91margv[0m[[93m1[0m];
        [95m**[0m Token#=3, Length=3, Text="src"             -- new ident
        [95m**[0m Token#=6, Length=1, Text="="               
        [91m**[0m Token#=3, Length=4, Text="argv"            -- occurrence 2
        [93m**[0m Token#=4, Length=1, Text="1"               
    24:     [94mlst[0m [95m=[0m [93mNULL[0m;
        [94m**[0m Token#=3, Length=3, Text="lst"             -- new ident
        [95m**[0m Token#=6, Length=1, Text="="               
        [93m**[0m Token#=3, Length=4, Text="NULL"            -- new ident
    25:   }
    26:   [95melse[0m {
        [95m**[0m Token#=3, Length=4, Text="else"            -- new ident
    27:     [92mfprintf[0m([94mstderr[0m,"[94musage[0m: [91mprogname[0m [93marg1[0m [94marg2[0m\[95mn[0m");
        [92m**[0m Token#=3, Length=7, Text="fprintf"         -- new ident
        [94m**[0m Token#=3, Length=6, Text="stderr"          -- new ident
        [94m**[0m Token#=3, Length=5, Text="usage"           -- new ident
        [91m**[0m Token#=3, Length=8, Text="progname"        -- new ident
        [93m**[0m Token#=3, Length=4, Text="arg1"            -- new ident
        [94m**[0m Token#=3, Length=4, Text="arg2"            -- new ident
        [95m**[0m Token#=3, Length=1, Text="n"               -- new ident
    28:     [94mexit[0m([93m1[0m); // Neither should this.
        [94m**[0m Token#=3, Length=4, Text="exit"            -- new ident
        [93m**[0m Token#=4, Length=1, Text="1"               
    29:   }
    30: 
    31:   [95maCount[0m [95m=[0m [93m432[0m * [94m78[0m - [95m3[0m;
        [95m**[0m Token#=3, Length=6, Text="aCount"          -- occurrence 2
        [95m**[0m Token#=6, Length=1, Text="="               
        [93m**[0m Token#=4, Length=3, Text="432"             
        [94m**[0m Token#=4, Length=2, Text="78"              
        [95m**[0m Token#=4, Length=1, Text="3"               
    32:   [94maSize[0m [95m=[0m [91m4.56[0m - [91m2.34[0m;
        [94m**[0m Token#=3, Length=5, Text="aSize"           -- occurrence 2
        [95m**[0m Token#=6, Length=1, Text="="               
        [91m**[0m Token#=5, Length=4, Text="4.56"            
        [91m**[0m Token#=5, Length=4, Text="2.34"            
    33:   [96maCount[0m [95m=[0m [96m-400[0m;
        [96m**[0m Token#=3, Length=6, Text="aCount"          -- occurrence 3
        [95m**[0m Token#=6, Length=1, Text="="               
        [96m**[0m Token#=4, Length=4, Text="-400"            
    34:   [95maSize[0m [95m=[0m [91m-2.123[0m;
        [95m**[0m Token#=3, Length=5, Text="aSize"           -- occurrence 3
        [95m**[0m Token#=6, Length=1, Text="="               
        [91m**[0m Token#=5, Length=6, Text="-2.123"          
    35: 
    36:   [95mexit[0m([92m0[0m);
        [95m**[0m Token#=3, Length=4, Text="exit"            -- occurrence 2
        [92m**[0m Token#=4, Length=1, Text="0"               
    37: }
    38: [94m@DUMP[0m
        [94m**[0m Token#=2, Length=5, Text="@DUMP"           
        [93m**[0m EOF
